2013.09.11 15:55 B C:\000\0085.gif --> ccsun.nchu.edu.tw /WWW 0085.gif
2013.09.11 15:56 B C:\000\????.rar --> ccsun.nchu.edu.tw /WWW ????.rar
2013.09.11 15:56 B C:\000\apply.htm --> ccsun.nchu.edu.tw /WWW apply.htm
2013.09.11 15:56 B C:\000\book2.gif --> ccsun.nchu.edu.tw /WWW book2.gif
2013.09.11 15:56 B C:\000\colors_and_flower_pattern_in_japanese_style_WA01_013L - ½Æ»s.jpg --> ccsun.nchu.edu.tw /WWW colors_and_flower_pattern_in_japanese_style_WA01_013L - ½Æ»s.jpg
2013.09.11 15:56 B C:\000\colors_and_flower_pattern_in_japanese_style_WA01_013L.jpg --> ccsun.nchu.edu.tw /WWW colors_and_flower_pattern_in_japanese_style_WA01_013L.jpg
2013.09.11 15:56 B C:\000\colors_and_flower_pattern_in_japanese_style_WA01_014Lc.jpg --> ccsun.nchu.edu.tw /WWW colors_and_flower_pattern_in_japanese_style_WA01_014Lc.jpg
2013.09.11 15:56 B C:\000\competition.htm --> ccsun.nchu.edu.tw /WWW competition.htm
2013.09.11 15:56 B C:\000\down.htm --> ccsun.nchu.edu.tw /WWW down.htm
2013.09.11 15:56 B C:\000\i600.gif --> ccsun.nchu.edu.tw /WWW i600.gif
2013.09.11 15:56 B C:\000\image001.gif --> ccsun.nchu.edu.tw /WWW image001.gif
2013.09.11 15:56 B C:\000\index.htm --> ccsun.nchu.edu.tw /WWW index.htm
2013.09.11 15:56 B C:\000\iWVd.gif --> ccsun.nchu.edu.tw /WWW iWVd.gif
2013.09.11 15:56 B C:\000\left.htm --> ccsun.nchu.edu.tw /WWW left.htm
2013.09.11 15:56 B C:\000\li0p.gif --> ccsun.nchu.edu.tw /WWW li0p.gif
2013.09.11 15:56 B C:\000\nameicon_124245.gif --> ccsun.nchu.edu.tw /WWW nameicon_124245.gif
2013.09.11 15:56 B C:\000\nameicon_64042.bmp --> ccsun.nchu.edu.tw /WWW nameicon_64042.bmp
2013.09.11 15:56 B C:\000\Poster-2.jpg --> ccsun.nchu.edu.tw /WWW Poster-2.jpg
2013.09.11 15:56 B C:\000\right.htm --> ccsun.nchu.edu.tw /WWW right.htm
2013.09.11 15:56 B C:\000\sakura011.jpg --> ccsun.nchu.edu.tw /WWW sakura011.jpg
2013.09.11 15:56 B C:\000\sakura2.jpg --> ccsun.nchu.edu.tw /WWW sakura2.jpg
2013.09.11 15:56 B C:\000\scholarship-bg.gif --> ccsun.nchu.edu.tw /WWW scholarship-bg.gif
2013.09.11 15:56 B C:\000\scholarship.htm --> ccsun.nchu.edu.tw /WWW scholarship.htm
2013.09.11 15:56 B C:\000\source.htm --> ccsun.nchu.edu.tw /WWW source.htm
2013.09.11 15:56 B C:\000\Thumbs.db --> ccsun.nchu.edu.tw /WWW Thumbs.db
2013.09.11 15:56 B C:\000\top.htm --> ccsun.nchu.edu.tw /WWW top.htm
2013.09.11 15:56 B C:\000\w1.htm --> ccsun.nchu.edu.tw /WWW w1.htm
2013.09.11 15:56 B C:\000\w2.htm --> ccsun.nchu.edu.tw /WWW w2.htm
2013.09.11 15:56 B C:\000\w3.htm --> ccsun.nchu.edu.tw /WWW w3.htm
2013.09.11 15:56 B C:\000\w4.htm --> ccsun.nchu.edu.tw /WWW w4.htm
2013.09.11 15:56 B C:\000\w5.htm --> ccsun.nchu.edu.tw /WWW w5.htm
2013.09.11 15:56 B C:\000\welcome.htm --> ccsun.nchu.edu.tw /WWW welcome.htm
2013.09.11 15:56 B C:\000\work.htm --> ccsun.nchu.edu.tw /WWW work.htm
2013.09.11 15:56 B C:\000\work_bg.jpg --> ccsun.nchu.edu.tw /WWW work_bg.jpg
2013.09.11 16:01 B C:\000\work.htm --> ccsun.nchu.edu.tw /WWW work.htm
2013.09.11 16:04 B C:\000\down.htm --> ccsun.nchu.edu.tw /WWW down.htm
2013.09.11 16:04 B C:\000\down.jpg --> ccsun.nchu.edu.tw /WWW down.jpg
2013.09.11 16:04 B C:\000\down.htm --> ccsun.nchu.edu.tw /WWW down.htm
2013.09.11 16:09 B C:\000\work.htm --> ccsun.nchu.edu.tw /WWW work.htm
2013.09.11 16:20 B C:\000\work.htm --> ccsun.nchu.edu.tw /WWW work.htm
2013.09.24 15:54 B C:\000\apply.htm --> ccsun.nchu.edu.tw /WWW apply.htm
2013.09.24 15:55 B C:\000\left.htm --> ccsun.nchu.edu.tw /WWW left.htm
2013.09.24 15:55 B C:\000\source.htm --> ccsun.nchu.edu.tw /WWW source.htm
2013.09.24 15:55 B C:\000\welcome.htm --> ccsun.nchu.edu.tw /WWW welcome.htm
2013.09.24 15:55 B C:\000\work.htm --> ccsun.nchu.edu.tw /WWW work.htm
2013.10.02 17:40 B C:\000\work.htm --> ccsun.nchu.edu.tw /WWW work.htm
2013.11.19 15:35 B C:\000\scholarship.htm --> ccsun.nchu.edu.tw /WWW scholarship.htm
2013.11.19 15:35 B C:\000\welcome.htm --> ccsun.nchu.edu.tw /WWW welcome.htm
2013.11.19 15:35 B C:\000\right.htm --> ccsun.nchu.edu.tw /WWW right.htm
2013.12.31 16:59 B C:\000\work.htm --> ccsun.nchu.edu.tw /WWW work.htm
2014.01.21 16:45 B C:\000\work.htm --> ccsun.nchu.edu.tw /WWW work.htm
2014.01.21 16:45 B C:\000\left.htm --> ccsun.nchu.edu.tw /WWW left.htm
2014.02.14 14:04 B C:\000\work.htm --> ccsun.nchu.edu.tw /WWW work.htm
2014.02.14 14:05 B C:\000\work.htm --> ccsun.nchu.edu.tw /WWW work.htm
2014.02.14 14:09 B C:\000\work.htm --> ccsun.nchu.edu.tw /WWW work.htm
2014.02.14 14:18 B C:\000\work.htm --> ccsun.nchu.edu.tw /WWW work.htm
2014.02.14 14:29 B C:\000\work.htm --> ccsun.nchu.edu.tw /WWW work.htm
2014.02.14 14:50 B C:\000\work.htm --> ccsun.nchu.edu.tw /WWW work.htm
2014.02.14 15:00 B C:\000\work.htm --> ccsun.nchu.edu.tw /WWW work.htm
2014.04.22 16:05 B C:\000\scholarship.htm --> ccsun.nchu.edu.tw /WWW scholarship.htm
2014.04.22 16:06 B C:\000\work.htm --> ccsun.nchu.edu.tw /WWW work.htm
2014.04.29 16:24 B C:\000\scholarship.htm --> ccsun.nchu.edu.tw /WWW scholarship.htm
2014.05.27 17:01 B C:\000\competition.htm --> ccsun.nchu.edu.tw /WWW competition.htm
2014.05.27 17:01 B C:\000\left.htm --> ccsun.nchu.edu.tw /WWW left.htm
2014.05.27 17:01 B C:\000\right.htm --> ccsun.nchu.edu.tw /WWW right.htm
2014.05.27 17:01 B C:\000\welcome.htm --> ccsun.nchu.edu.tw /WWW welcome.htm
2014.05.27 17:01 B C:\000\work.htm --> ccsun.nchu.edu.tw /WWW work.htm
2014.05.27 17:08 B C:\000\source.htm --> ccsun.nchu.edu.tw /WWW source.htm
2014.10.06 17:32 B C:\000\0085.gif --> ccsun.nchu.edu.tw / 0085.gif
2014.10.06 17:32 B C:\000\apply.htm --> ccsun.nchu.edu.tw / apply.htm
2014.10.06 17:32 B C:\000\book2.gif --> ccsun.nchu.edu.tw / book2.gif
2014.10.06 17:32 B C:\000\colors_and_flower_pattern_in_japanese_style_WA01_013L.jpg --> ccsun.nchu.edu.tw / colors_and_flower_pattern_in_japanese_style_WA01_013L.jpg
2014.10.06 17:32 B C:\000\colors_and_flower_pattern_in_japanese_style_WA01_014Lc.jpg --> ccsun.nchu.edu.tw / colors_and_flower_pattern_in_japanese_style_WA01_014Lc.jpg
2014.10.06 17:32 B C:\000\competition.htm --> ccsun.nchu.edu.tw / competition.htm
2014.10.06 17:32 B C:\000\down.htm --> ccsun.nchu.edu.tw / down.htm
2014.10.06 17:32 B C:\000\down.jpg --> ccsun.nchu.edu.tw / down.jpg
2014.10.06 17:32 B C:\000\i600.gif --> ccsun.nchu.edu.tw / i600.gif
2014.10.06 17:32 B C:\000\image001.gif --> ccsun.nchu.edu.tw / image001.gif
2014.10.06 17:32 B C:\000\index.htm --> ccsun.nchu.edu.tw / index.htm
2014.10.06 17:32 B C:\000\iWVd.gif --> ccsun.nchu.edu.tw / iWVd.gif
2014.10.06 17:32 B C:\000\left.htm --> ccsun.nchu.edu.tw / left.htm
2014.10.06 17:32 B C:\000\li0p.gif --> ccsun.nchu.edu.tw / li0p.gif
2014.10.06 17:32 B C:\000\nameicon_124245.gif --> ccsun.nchu.edu.tw / nameicon_124245.gif
2014.10.06 17:32 B C:\000\nameicon_64042.bmp --> ccsun.nchu.edu.tw / nameicon_64042.bmp
2014.10.06 17:32 B C:\000\new_006.gif --> ccsun.nchu.edu.tw / new_006.gif
2014.10.06 17:32 B C:\000\new_007.gif --> ccsun.nchu.edu.tw / new_007.gif
2014.10.06 17:32 B C:\000\new_008.gif --> ccsun.nchu.edu.tw / new_008.gif
2014.10.06 17:32 B C:\000\new_143.gif --> ccsun.nchu.edu.tw / new_143.gif
2014.10.06 17:32 B C:\000\Poster-2.jpg --> ccsun.nchu.edu.tw / Poster-2.jpg
2014.10.06 17:32 B C:\000\right.htm --> ccsun.nchu.edu.tw / right.htm
2014.10.06 17:32 B C:\000\sakura011.jpg --> ccsun.nchu.edu.tw / sakura011.jpg
2014.10.06 17:32 B C:\000\sakura2.jpg --> ccsun.nchu.edu.tw / sakura2.jpg
2014.10.06 17:32 B C:\000\scholarship-bg.gif --> ccsun.nchu.edu.tw / scholarship-bg.gif
2014.10.06 17:32 B C:\000\scholarship.htm --> ccsun.nchu.edu.tw / scholarship.htm
2014.10.06 17:32 B C:\000\source.htm --> ccsun.nchu.edu.tw / source.htm
2014.10.06 17:32 B C:\000\Thumbs.db --> ccsun.nchu.edu.tw / Thumbs.db
2014.10.06 17:32 B C:\000\top.htm --> ccsun.nchu.edu.tw / top.htm
2014.10.06 17:32 B C:\000\w1.htm --> ccsun.nchu.edu.tw / w1.htm
2014.10.06 17:32 B C:\000\w2.htm --> ccsun.nchu.edu.tw / w2.htm
2014.10.06 17:32 B C:\000\w3.htm --> ccsun.nchu.edu.tw / w3.htm
2014.10.06 17:32 B C:\000\w4.htm --> ccsun.nchu.edu.tw / w4.htm
2014.10.06 17:32 B C:\000\w5.htm --> ccsun.nchu.edu.tw / w5.htm
2014.10.06 17:32 B C:\000\welcome.htm --> ccsun.nchu.edu.tw / welcome.htm
2014.10.06 17:32 B C:\000\work.htm --> ccsun.nchu.edu.tw / work.htm
2014.10.06 17:32 B C:\000\work_bg.jpg --> ccsun.nchu.edu.tw / work_bg.jpg
2014.10.06 17:32 B C:\000\WS_FTP.LOG --> ccsun.nchu.edu.tw / WS_FTP.LOG
